<?xml version="1.0" encoding="UTF-8"?>
<!-- Generated by org.testng.reporters.JUnitReportReporter -->
<testsuite hostname="LAPTOP-EQQQ6TJF" failures="0" tests="16" name="testcases.RestAssured_TestCases" time="28.112" errors="0" timestamp="2025-08-18T14:50:37 IST" skipped="0">
  <testcase classname="testcases.RestAssured_TestCases" name="loginWithSeleniumAndGetCookie" time="16.830"/>
  <testcase classname="testcases.RestAssured_TestCases" name="getSubunitsTree" time="2.161"/>
  <testcase classname="testcases.RestAssured_TestCases" name="getAdminSkills" time="0.520"/>
  <testcase classname="testcases.RestAssured_TestCases" name="getAdminEdu" time="0.491"/>
  <testcase classname="testcases.RestAssured_TestCases" name="getAdminLicenses" time="0.481"/>
  <testcase classname="testcases.RestAssured_TestCases" name="getAdminLanguages" time="0.474"/>
  <testcase classname="testcases.RestAssured_TestCases" name="getMembershipdetails" time="0.458"/>
  <testcase classname="testcases.RestAssured_TestCases" name="getNationalities" time="0.463"/>
  <testcase classname="testcases.RestAssured_TestCases" name="getTheme" time="0.442"/>
  <testcase classname="testcases.RestAssured_TestCases" name="getemailConfiguration" time="0.585"/>
  <testcase classname="testcases.RestAssured_TestCases" name="getEmailSubscription" time="0.463"/>
  <testcase classname="testcases.RestAssured_TestCases" name="PostCaption" time="0.551"/>
  <testcase classname="testcases.RestAssured_TestCases" name="PostPhoto" time="1.208"/>
  <testcase classname="testcases.RestAssured_TestCases" name="LikeShare" time="1.167"/>
  <testcase classname="testcases.RestAssured_TestCases" name="DeleteShare" time="0.947"/>
  <testcase classname="testcases.RestAssured_TestCases" name="UpdateBuzzPost" time="0.871"/>
</testsuite> <!-- testcases.RestAssured_TestCases -->
